{
  "0 debug pnpm:scope": {
    "selected": 1
  },
  "1 error pnpm": {
    "errno": 1,
    "code": "ELIFECYCLE",
    "pkgid": "astro-cactus@2.1.3",
    "stage": "dev",
    "script": "astro dev",
    "pkgname": "astro-cactus",
    "err": {
      "name": "pnpm",
      "message": "astro-cactus@2.1.3 dev: `astro dev`\nExit status 1",
      "code": "ELIFECYCLE",
      "stack": "pnpm: astro-cactus@2.1.3 dev: `astro dev`\nExit status 1\n    at EventEmitter.<anonymous> (C:\\snapshot\\dist\\pnpm.cjs)\n    at EventEmitter.emit (node:events:527:28)\n    at ChildProcess.<anonymous> (C:\\snapshot\\dist\\pnpm.cjs)\n    at ChildProcess.emit (node:events:527:28)\n    at maybeClose (node:internal/child_process:1092:16)\n    at Process.ChildProcess._handle.onexit (node:internal/child_process:302:5)"
    }
  },
  "2 warn pnpm:global": " Local package.json exists, but node_modules missing, did you mean to install?"
}